[2022-09-08 14:13:32] [INFO]    [OmnipathR] Setting up new cache directory `/home/tchowton/.cache/OmnipathR`.
[2022-09-08 14:13:32] [INFO]    [OmnipathR] Initialized cache: `/home/tchowton/.cache/OmnipathR`.
[2022-09-08 14:13:32] [INFO]    [OmnipathR] Welcome to OmnipathR!
[2022-09-08 15:47:53] [TRACE]   [OmnipathR] Looking up in cache: `https://ftp.ncbi.nih.gov/pub/HomoloGene/current/homologene.data`.
[2022-09-08 15:47:53] [INFO]    [OmnipathR] Cache record does not exist: `https://ftp.ncbi.nih.gov/pub/HomoloGene/current/homologene.data`
[2022-09-08 15:47:53] [TRACE]   [OmnipathR] Could not find in cache, initiating download: `https://ftp.ncbi.nih.gov/pub/HomoloGene/current/homologene.data`.
[2022-09-08 15:47:53] [INFO]    [OmnipathR] Cache item `2ccc1998f0ab26ea421885e1334896d25db4554f` version 1: status changed from `unknown` to `started`.
[2022-09-08 15:47:53] [TRACE]   [OmnipathR] Exporting object to RDS: `/home/tchowton/.cache/OmnipathR/2ccc1998f0ab26ea421885e1334896d25db4554f-1.rds`.
[2022-09-08 15:47:53] [INFO]    [OmnipathR] Retrieving URL: `https://ftp.ncbi.nih.gov/pub/HomoloGene/current/homologene.data`
[2022-09-08 15:47:53] [TRACE]   [OmnipathR] Attempt 1/3: `https://ftp.ncbi.nih.gov/pub/HomoloGene/current/homologene.data`
[2022-09-08 15:47:59] [TRACE]   [OmnipathR] Exported RDS to `/home/tchowton/.cache/OmnipathR/2ccc1998f0ab26ea421885e1334896d25db4554f-1.rds`.
[2022-09-08 15:47:59] [INFO]    [OmnipathR] Download ready [key=2ccc1998f0ab26ea421885e1334896d25db4554f, version=1]
[2022-09-08 15:47:59] [INFO]    [OmnipathR] Cache item `2ccc1998f0ab26ea421885e1334896d25db4554f` version 1: status changed from `started` to `ready`.
[2022-09-08 15:47:59] [SUCCESS] [OmnipathR] NCBI HomoloGene (ftp.ncbi.nih.gov): downloaded 275237 records
[2022-09-08 15:47:59] [INFO]    [OmnipathR] Loading database `Ensembl organism names`.
[2022-09-08 15:47:59] [INFO]    [OmnipathR] Looking up in cache `https://www.ensembl.org/info/about/species.html`: key=7332486db7400730697234bad76ca0c8e4d00799, no version available.
[2022-09-08 15:47:59] [INFO]    [OmnipathR] Created new version for cache record 7332486db7400730697234bad76ca0c8e4d00799: version 1.
[2022-09-08 15:47:59] [TRACE]   [OmnipathR] Cache file path: /home/tchowton/.cache/OmnipathR/7332486db7400730697234bad76ca0c8e4d00799-1.html
[2022-09-08 15:47:59] [INFO]    [OmnipathR] Retrieving URL: `https://www.ensembl.org/info/about/species.html`
[2022-09-08 15:47:59] [TRACE]   [OmnipathR] Attempt 1/3: `https://www.ensembl.org/info/about/species.html`
[2022-09-08 15:48:00] [TRACE]   [OmnipathR] HTTP 200
[2022-09-08 15:48:00] [INFO]    [OmnipathR] Download ready [key=7332486db7400730697234bad76ca0c8e4d00799, version=1]
[2022-09-08 15:48:00] [INFO]    [OmnipathR] Cache item `7332486db7400730697234bad76ca0c8e4d00799` version 1: status changed from `unknown` to `ready`.
[2022-09-08 15:48:00] [INFO]    [OmnipathR] Loaded database `Ensembl organism names`.
[2022-09-08 18:48:07] [TRACE]   [OmnipathR] Removing database `Ensembl organism names` (not used in the past 10800 seconds)
